2022-02-12 00:48:47,711 p=767476 u=mimir |  ansible-playbook 2.8.8
  config file = /home/mimir/code/ansible/l_4/ansible.cfg
  configured module search path = ['/home/mimir/.ansible/plugins/modules', '/usr/share/ansible/plugins/modules']
  ansible python module location = /usr/local/lib/python3.9/dist-packages/ansible
  executable location = /usr/local/bin/ansible-playbook
  python version = 3.9.2 (default, Feb 28 2021, 17:03:44) [GCC 10.2.1 20210110]
2022-02-12 00:48:47,711 p=767476 u=mimir |  Using /home/mimir/code/ansible/l_4/ansible.cfg as config file
2022-02-12 00:48:51,755 p=767476 u=mimir |  PLAYBOOK: 4.yml **********************************************************************************************************************************
2022-02-12 00:48:51,755 p=767476 u=mimir |  2 plays in 4.yml
2022-02-12 00:48:51,771 p=767476 u=mimir |  PLAY [Deploy nginx] ******************************************************************************************************************************
2022-02-12 00:48:51,780 p=767476 u=mimir |  TASK [Gathering Facts] ***************************************************************************************************************************
2022-02-12 00:48:51,780 p=767476 u=mimir |  task path: /home/mimir/code/ansible/l_4/4.yml:2
2022-02-12 00:48:53,006 p=767476 u=mimir |  ok: [nginx-srv1]
2022-02-12 00:48:53,007 p=767476 u=mimir |  META: ran handlers
2022-02-12 00:48:53,017 p=767476 u=mimir |  TASK [nginx : Install nginx package] *************************************************************************************************************
2022-02-12 00:48:53,018 p=767476 u=mimir |  task path: /home/mimir/code/ansible/l_4/roles/nginx/tasks/main.yml:2
2022-02-12 00:48:54,202 p=767476 u=mimir |  [DEPRECATION WARNING]: State 'installed' is deprecated. Using state 'present' instead.. This feature will be removed in version 2.9. Deprecation 
warnings can be disabled by setting deprecation_warnings=False in ansible.cfg.
2022-02-12 00:48:54,202 p=767476 u=mimir |  ok: [nginx-srv1] => {
    "cache_update_time": 1644594540,
    "cache_updated": false,
    "changed": false
}
2022-02-12 00:48:54,225 p=767476 u=mimir |  TASK [nginx : debug] *****************************************************************************************************************************
2022-02-12 00:48:54,225 p=767476 u=mimir |  task path: /home/mimir/code/ansible/l_4/roles/nginx/tasks/main.yml:7
2022-02-12 00:48:54,243 p=767476 u=mimir |  ok: [nginx-srv1] => {
    "role_path": "/home/mimir/code/ansible/l_4/roles/nginx"
}
2022-02-12 00:48:54,262 p=767476 u=mimir |  TASK [nginx : Upload rendered nginx.conf] ********************************************************************************************************
2022-02-12 00:48:54,262 p=767476 u=mimir |  task path: /home/mimir/code/ansible/l_4/roles/nginx/tasks/main.yml:10
2022-02-12 00:48:55,053 p=767476 u=mimir |  ok: [nginx-srv1] => {
    "changed": false,
    "checksum": "f2bc6e2bc9d1d4a1d6c16995fa91999cafa14a19",
    "dest": "/etc/nginx/nginx.conf",
    "gid": 0,
    "group": "root",
    "mode": "0644",
    "owner": "root",
    "path": "/etc/nginx/nginx.conf",
    "size": 1048,
    "state": "file",
    "uid": 0
}
2022-02-12 00:48:55,075 p=767476 u=mimir |  TASK [nginx : Download typical file] *************************************************************************************************************
2022-02-12 00:48:55,075 p=767476 u=mimir |  task path: /home/mimir/code/ansible/l_4/roles/nginx/tasks/main.yml:15
2022-02-12 00:48:56,088 p=767476 u=mimir |  ok: [nginx-srv1] => {
    "changed": false,
    "checksum_dest": "97bdbfb82fffda076de1d856c17e7dc8d4f1c185",
    "checksum_src": "97bdbfb82fffda076de1d856c17e7dc8d4f1c185",
    "dest": "/tmp/github_README.rst",
    "elapsed": 0,
    "gid": 0,
    "group": "root",
    "md5sum": "8ddda78c7ce2d19b601fa7474199cc90",
    "mode": "0644",
    "owner": "root",
    "size": 5697,
    "src": "/home/mimir/.ansible/tmp/ansible-tmp-1644601735.0862267-156499303800994/tmp1y2i0bl8",
    "state": "file",
    "status_code": 200,
    "uid": 0,
    "url": "https://raw.githubusercontent.com/ansible/ansible/devel/README.rst"
}

MSG:

OK (5697 bytes)

2022-02-12 00:48:56,110 p=767476 u=mimir |  TASK [nginx : Print readme_stdout] ***************************************************************************************************************
2022-02-12 00:48:56,111 p=767476 u=mimir |  task path: /home/mimir/code/ansible/l_4/roles/nginx/tasks/main.yml:21
2022-02-12 00:48:56,132 p=767476 u=mimir |  ok: [nginx-srv1] => {
    "readme_stdout": {
        "changed": false,
        "checksum_dest": "97bdbfb82fffda076de1d856c17e7dc8d4f1c185",
        "checksum_src": "97bdbfb82fffda076de1d856c17e7dc8d4f1c185",
        "dest": "/tmp/github_README.rst",
        "elapsed": 0,
        "failed": false,
        "gid": 0,
        "group": "root",
        "md5sum": "8ddda78c7ce2d19b601fa7474199cc90",
        "mode": "0644",
        "msg": "OK (5697 bytes)",
        "owner": "root",
        "size": 5697,
        "src": "/home/mimir/.ansible/tmp/ansible-tmp-1644601735.0862267-156499303800994/tmp1y2i0bl8",
        "state": "file",
        "status_code": 200,
        "uid": 0,
        "url": "https://raw.githubusercontent.com/ansible/ansible/devel/README.rst"
    }
}
2022-02-12 00:48:56,153 p=767476 u=mimir |  TASK [nginx : Print elapsed] *********************************************************************************************************************
2022-02-12 00:48:56,154 p=767476 u=mimir |  task path: /home/mimir/code/ansible/l_4/roles/nginx/tasks/main.yml:25
2022-02-12 00:48:56,547 p=767476 u=mimir |  changed: [nginx-srv1] => {
    "changed": true,
    "cmd": [
        "echo",
        "0"
    ],
    "delta": "0:00:00.003212",
    "end": "2022-02-12 00:48:56.514088",
    "rc": 0,
    "start": "2022-02-12 00:48:56.510876"
}

STDOUT:

0

2022-02-12 00:48:56,567 p=767476 u=mimir |  TASK [nginx : Exec URI] **************************************************************************************************************************
2022-02-12 00:48:56,568 p=767476 u=mimir |  task path: /home/mimir/code/ansible/l_4/roles/nginx/tasks/main.yml:28
2022-02-12 00:48:57,083 p=767476 u=mimir |  fatal: [nginx-srv1]: FAILED! => {
    "changed": false,
    "content": "",
    "elapsed": 0,
    "redirected": false,
    "status": -1,
    "url": "http://localhost:8888"
}

MSG:

Status code was -1 and not [501]: Request failed: <urlopen error [Errno 111] В соединении отказано>

2022-02-12 00:48:57,084 p=767476 u=mimir |  PLAY RECAP ***************************************************************************************************************************************
2022-02-12 00:48:57,084 p=767476 u=mimir |  nginx-srv1                 : ok=7    changed=1    unreachable=0    failed=1    skipped=0    rescued=0    ignored=0   
2022-02-12 01:05:50,611 p=769799 u=mimir |  [WARNING]: module status not found in: /home/mimir/.ansible/plugins/modules:/usr/share/ansible/plugins/modules:/usr/local/lib/python3.9/dist-
packages/ansible/modules

2022-02-12 01:05:56,377 p=769801 u=mimir |  [WARNING]: template parsing did not produce documentation.

2022-02-12 01:05:56,408 p=769801 u=mimir |  [WARNING]: win_template parsing did not produce documentation.

2022-02-16 23:30:47,785 ansiblelint.utils Discovering files to lint: git ls-files *.yaml *.yml
2022-02-16 23:30:47,802 ansiblelint.utils Unknown file type: 4.yml
2022-02-16 23:30:47,805 ansiblelint.utils Unknown file type: deploy_app.yml
2022-02-16 23:30:47,806 ansiblelint.utils Unknown file type: task.yml
2022-02-16 23:30:47,807 ansiblelint.utils Unknown file type: vars/plain_data.yml
2022-02-16 23:30:47,807 ansiblelint.utils Failed to load vars/vault_ddd.yml with A vault password must be specified to decrypt data, assuming is not a playbook.
2022-02-16 23:30:47,808 ansiblelint.utils Unknown file type: vars/vault_ddd.yml
2022-02-16 23:30:47,808 ansiblelint.utils Found roles: roles/ddd roles/nginx roles/place_file
2022-02-16 23:30:47,808 ansiblelint.utils Found playbooks: 
2022-02-16 23:49:32,596 p=268239 u=mimir |  @all:
  |--@app:
  |  |--app-1
  |  |  |--{ansible_connection = ssh}
  |  |  |--{ansible_host = 192.168.42.100}
  |  |  |--{ansible_user = mimir}
  |  |  |--{nginx_upstream_host = 10.0.4.10}
  |  |--app-2
  |  |  |--{ansible_connection = ssh}
  |  |  |--{ansible_host = 192.168.42.200}
  |  |  |--{ansible_user = mimir}
  |  |  |--{nginx_upstream_host = 10.0.4.20}
  |  |--app-3
  |  |  |--{ansible_connection = ssh}
  |  |  |--{ansible_host = 192.168.42.300}
  |  |  |--{ansible_user = mimir}
  |  |  |--{nginx_upstream_host = 10.0.4.30}
  |--@backend:
  |  |--serv-local
  |  |  |--{ansible_connection = local}
  |  |  |--{ansible_host = localhost}
  |  |  |--{ansible_user = mimir}
  |  |  |--{root_dir = /tmp/base}
  |  |--{root_dir = /tmp/base}
  |--@nginx:
  |  |--nginx-srv1
  |  |  |--{ansible_connection = ssh}
  |  |  |--{ansible_host = srv-1}
  |  |  |--{ansible_user = mimir}
  |  |  |--{nginx = {'config': {'static_file_path': '/tmp/temp_123_from_inventory'}}}
  |  |--nginx-srv2
  |  |  |--{ansible_connection = ssh}
  |  |  |--{ansible_host = srv-2}
  |  |  |--{ansible_user = mimir}
  |  |  |--{nginx = {'config': {'static_file_path': '/tmp/temp_123_from_inventory'}}}
  |  |--nginx-srv3
  |  |  |--{ansible_connection = ssh}
  |  |  |--{ansible_host = srv-3}
  |  |  |--{ansible_user = mimir}
  |  |  |--{nginx = {'config': {'static_file_path': '/tmp/temp_123_from_inventory'}}}
  |  |--{nginx = {'config': {'static_file_path': '/tmp/temp_123_from_inventory'}}}
  |--@ungrouped:
  |--{ansible_user = mimir}
2022-02-16 23:51:45,898 p=268442 u=mimir |  @all:
  |--@app:
  |  |--app-1
  |  |  |--{ansible_connection = ssh}
  |  |  |--{ansible_host = 192.168.42.100}
  |  |  |--{ansible_user = mimir}
  |  |  |--{nginx_upstream_host = 10.0.4.10}
  |  |--app-2
  |  |  |--{ansible_connection = ssh}
  |  |  |--{ansible_host = 192.168.42.200}
  |  |  |--{ansible_user = mimir}
  |  |  |--{nginx_upstream_host = 10.0.4.20}
  |  |--app-3
  |  |  |--{ansible_connection = ssh}
  |  |  |--{ansible_host = 192.168.42.300}
  |  |  |--{ansible_user = mimir}
  |  |  |--{nginx_upstream_host = 10.0.4.30}
  |--@backend:
  |  |--serv-local
  |  |  |--{ansible_connection = local}
  |  |  |--{ansible_host = localhost}
  |  |  |--{ansible_user = mimir}
  |  |  |--{root_dir = /tmp/base}
  |  |--{root_dir = /tmp/base}
  |--@nginx:
  |  |--nginx-srv1
  |  |  |--{ansible_connection = ssh}
  |  |  |--{ansible_host = srv-1}
  |  |  |--{ansible_user = mimir}
  |  |  |--{nginx = {'config': {'static_file_path': '/tmp/temp_123_from_inventory'}}}
  |  |--nginx-srv2
  |  |  |--{ansible_connection = ssh}
  |  |  |--{ansible_host = srv-2}
  |  |  |--{ansible_user = mimir}
  |  |  |--{nginx = {'config': {'static_file_path': '/tmp/from_host_vars_nventory'}}}
  |  |--nginx-srv3
  |  |  |--{ansible_connection = ssh}
  |  |  |--{ansible_host = srv-3}
  |  |  |--{ansible_user = mimir}
  |  |  |--{nginx = {'config': {'static_file_path': '/tmp/temp_123_from_inventory'}}}
  |  |--{nginx = {'config': {'static_file_path': '/tmp/temp_123_from_inventory'}}}
  |--@ungrouped:
  |--{ansible_user = mimir}
2022-02-16 23:57:29,773 p=269268 u=mimir |  @all:
  |--@app:
  |  |--app-1
  |  |  |--{ansible_connection = ssh}
  |  |  |--{ansible_host = 192.168.42.100}
  |  |  |--{ansible_user = mimir}
  |  |  |--{global_config = {'static_path': '/var/www/html/', 'timeouts': {'connect_timeout': 5, 'request_timeout': 15}}}
  |  |  |--{nginx_upstream_host = 10.0.4.10}
  |  |--app-2
  |  |  |--{ansible_connection = ssh}
  |  |  |--{ansible_host = 192.168.42.200}
  |  |  |--{ansible_user = mimir}
  |  |  |--{global_config = {'static_path': '/var/www/html/', 'timeouts': {'connect_timeout': 5, 'request_timeout': 15}}}
  |  |  |--{nginx_upstream_host = 10.0.4.20}
  |  |--app-3
  |  |  |--{ansible_connection = ssh}
  |  |  |--{ansible_host = 192.168.42.300}
  |  |  |--{ansible_user = mimir}
  |  |  |--{global_config = {'static_path': '/var/www/html/', 'timeouts': {'connect_timeout': 5, 'request_timeout': 15}}}
  |  |  |--{nginx_upstream_host = 10.0.4.30}
  |--@backend:
  |  |--serv-local
  |  |  |--{ansible_connection = local}
  |  |  |--{ansible_host = localhost}
  |  |  |--{ansible_user = mimir}
  |  |  |--{global_config = {'static_path': '/var/www/html/', 'timeouts': {'connect_timeout': 5, 'request_timeout': 15}}}
  |  |  |--{root_dir = /tmp/base}
  |  |--{root_dir = /tmp/base}
  |--@nginx:
  |  |--nginx-srv1
  |  |  |--{ansible_connection = ssh}
  |  |  |--{ansible_host = srv-1}
  |  |  |--{ansible_user = mimir}
  |  |  |--{global_config = {'static_path': '/var/www/html/', 'timeouts': {'connect_timeout': 5, 'request_timeout': 15}}}
  |  |  |--{nginx = {'config': {'static_file_path': '/tmp/temp_123_from_inventory'}}}
  |  |--nginx-srv2
  |  |  |--{ansible_connection = ssh}
  |  |  |--{ansible_host = srv-2}
  |  |  |--{ansible_user = mimir}
  |  |  |--{global_config = {'static_path': '/var/www/html/', 'timeouts': {'connect_timeout': 5, 'request_timeout': 15}}}
  |  |  |--{nginx = {'config': {'static_file_path': '/tmp/from_host_vars_nventory'}}}
  |  |--nginx-srv3
  |  |  |--{ansible_connection = ssh}
  |  |  |--{ansible_host = srv-3}
  |  |  |--{ansible_user = mimir}
  |  |  |--{global_config = {'static_path': '/var/www/html/', 'timeouts': {'connect_timeout': 5, 'request_timeout': 15}}}
  |  |  |--{nginx = {'config': {'static_file_path': '/tmp/temp_123_from_inventory'}}}
  |  |--{nginx = {'config': {'static_file_path': '/tmp/temp_123_from_inventory'}}}
  |--@ungrouped:
  |--{ansible_user = mimir}
  |--{global_config = {'static_path': '/var/www/html/', 'timeouts': {'connect_timeout': 5, 'request_timeout': 15}}}
2022-02-17 00:00:06,189 p=269465 u=mimir |  @all:
  |--@app:
  |  |--app-1
  |  |  |--{ansible_connection = ssh}
  |  |  |--{ansible_host = 192.168.42.100}
  |  |  |--{ansible_user = mimir}
  |  |  |--{global_config = {'static_path': '/var/www/html/', 'timeouts': {'connect_timeout': 5, 'request_timeout': 15}}}
  |  |  |--{nginx_upstream_host = 10.0.4.10}
  |  |--app-2
  |  |  |--{ansible_connection = ssh}
  |  |  |--{ansible_host = 192.168.42.200}
  |  |  |--{ansible_user = mimir}
  |  |  |--{global_config = {'static_path': '/var/www/html/', 'timeouts': {'connect_timeout': 5, 'request_timeout': 15}}}
  |  |  |--{nginx_upstream_host = 10.0.4.20}
  |  |--app-3
  |  |  |--{ansible_connection = ssh}
  |  |  |--{ansible_host = 192.168.42.300}
  |  |  |--{ansible_user = mimir}
  |  |  |--{global_config = {'static_path': '/var/www/html/', 'timeouts': {'connect_timeout': 5, 'request_timeout': 15}}}
  |  |  |--{nginx_upstream_host = 10.0.4.30}
  |--@backend:
  |  |--serv-local
  |  |  |--{ansible_connection = local}
  |  |  |--{ansible_host = localhost}
  |  |  |--{ansible_user = mimir}
  |  |  |--{global_config = {'static_path': '/var/www/html/', 'timeouts': {'connect_timeout': 5, 'request_timeout': 15}}}
  |  |  |--{root_dir = /tmp/base}
  |  |--{root_dir = /tmp/base}
  |--@nginx:
  |  |--nginx-srv1
  |  |  |--{ansible_connection = ssh}
  |  |  |--{ansible_host = srv-1}
  |  |  |--{ansible_user = mimir}
  |  |  |--{global_config = {'static_path': '/var/www/html/', 'timeouts': {'connect_timeout': 5, 'request_timeout': 15}}}
  |  |  |--{nginx = {'config': {'static_file_path': '/tmp/path_from_playbook_group_vars'}}}
  |  |--nginx-srv2
  |  |  |--{ansible_connection = ssh}
  |  |  |--{ansible_host = srv-2}
  |  |  |--{ansible_user = mimir}
  |  |  |--{global_config = {'static_path': '/var/www/html/', 'timeouts': {'connect_timeout': 5, 'request_timeout': 15}}}
  |  |  |--{nginx = {'config': {'static_file_path': '/tmp/from_host_vars_nventory'}}}
  |  |--nginx-srv3
  |  |  |--{ansible_connection = ssh}
  |  |  |--{ansible_host = srv-3}
  |  |  |--{ansible_user = mimir}
  |  |  |--{global_config = {'static_path': '/var/www/html/', 'timeouts': {'connect_timeout': 5, 'request_timeout': 15}}}
  |  |  |--{nginx = {'config': {'static_file_path': '/tmp/path_from_playbook_group_vars'}}}
  |  |--{nginx = {'config': {'static_file_path': '/tmp/temp_123_from_inventory'}}}
  |--@ungrouped:
  |--{ansible_user = mimir}
  |--{global_config = {'static_path': '/var/www/html/', 'timeouts': {'connect_timeout': 5, 'request_timeout': 15}}}
2022-02-17 00:00:33,053 p=269703 u=mimir |  @all:
  |--@app:
  |  |--app-1
  |  |  |--{ansible_connection = ssh}
  |  |  |--{ansible_host = 192.168.42.100}
  |  |  |--{ansible_user = mimir}
  |  |  |--{nginx_upstream_host = 10.0.4.10}
  |  |--app-2
  |  |  |--{ansible_connection = ssh}
  |  |  |--{ansible_host = 192.168.42.200}
  |  |  |--{ansible_user = mimir}
  |  |  |--{nginx_upstream_host = 10.0.4.20}
  |  |--app-3
  |  |  |--{ansible_connection = ssh}
  |  |  |--{ansible_host = 192.168.42.300}
  |  |  |--{ansible_user = mimir}
  |  |  |--{nginx_upstream_host = 10.0.4.30}
  |--@backend:
  |  |--serv-local
  |  |  |--{ansible_connection = local}
  |  |  |--{ansible_host = localhost}
  |  |  |--{ansible_user = mimir}
  |  |  |--{root_dir = /tmp/base}
  |  |--{root_dir = /tmp/base}
  |--@nginx:
  |  |--nginx-srv1
  |  |  |--{ansible_connection = ssh}
  |  |  |--{ansible_host = srv-1}
  |  |  |--{ansible_user = mimir}
  |  |  |--{nginx = {'config': {'static_file_path': '/tmp/path_from_playbook_group_vars'}}}
  |  |--nginx-srv2
  |  |  |--{ansible_connection = ssh}
  |  |  |--{ansible_host = srv-2}
  |  |  |--{ansible_user = mimir}
  |  |  |--{nginx = {'config': {'static_file_path': '/tmp/from_host_vars_nventory'}}}
  |  |--nginx-srv3
  |  |  |--{ansible_connection = ssh}
  |  |  |--{ansible_host = srv-3}
  |  |  |--{ansible_user = mimir}
  |  |  |--{nginx = {'config': {'static_file_path': '/tmp/path_from_playbook_group_vars'}}}
  |  |--{nginx = {'config': {'static_file_path': '/tmp/temp_123_from_inventory'}}}
  |--@ungrouped:
  |--{ansible_user = mimir}
2022-02-17 00:04:29,985 p=270010 u=mimir |  @all:
  |--@app:
  |  |--app-1
  |  |  |--{ansible_connection = ssh}
  |  |  |--{ansible_host = 192.168.42.100}
  |  |  |--{ansible_user = mimir}
  |  |  |--{nginx_upstream_host = 10.0.4.10}
  |  |--app-2
  |  |  |--{ansible_connection = ssh}
  |  |  |--{ansible_host = 192.168.42.200}
  |  |  |--{ansible_user = mimir}
  |  |  |--{nginx_upstream_host = 10.0.4.20}
  |  |--app-3
  |  |  |--{ansible_connection = ssh}
  |  |  |--{ansible_host = 192.168.42.300}
  |  |  |--{ansible_user = mimir}
  |  |  |--{nginx_upstream_host = 10.0.4.30}
  |--@backend:
  |  |--serv-local
  |  |  |--{ansible_connection = local}
  |  |  |--{ansible_host = localhost}
  |  |  |--{ansible_user = mimir}
  |  |  |--{root_dir = /tmp/base}
  |  |--{root_dir = /tmp/base}
  |--@nginx:
  |  |--nginx-srv1
  |  |  |--{ansible_connection = ssh}
  |  |  |--{ansible_host = srv-1}
  |  |  |--{ansible_user = mimir}
  |  |  |--{nginx = {'config': {'static_file_path': '/tmp/path_from_playbook_group_vars'}}}
  |  |--nginx-srv2
  |  |  |--{ansible_connection = ssh}
  |  |  |--{ansible_host = srv-2}
  |  |  |--{ansible_user = mimir}
  |  |  |--{nginx = {'config': {'static_file_path': '/tmp/from_host_vars_from_playbook_vars'}}}
  |  |--nginx-srv3
  |  |  |--{ansible_connection = ssh}
  |  |  |--{ansible_host = srv-3}
  |  |  |--{ansible_user = mimir}
  |  |  |--{nginx = {'config': {'static_file_path': '/tmp/path_from_playbook_group_vars'}}}
  |  |--{nginx = {'config': {'static_file_path': '/tmp/temp_123_from_inventory'}}}
  |--@ungrouped:
  |--{ansible_user = mimir}
2022-02-17 00:08:13,433 p=271170 u=mimir |  @all:
  |--@nginx:
  |  |--127.0.0.1
  |  |  |--{foo = bar}
  |  |  |--{nginx = {'config': {'static_file_path': '/tmp/path_from_playbook_group_vars'}}}
  |  |--8.8.4.4
  |  |  |--{foo = bar}
  |  |  |--{nginx = {'config': {'static_file_path': '/tmp/path_from_playbook_group_vars'}}}
  |  |--8.8.8.8
  |  |  |--{foo = bar}
  |  |  |--{nginx = {'config': {'static_file_path': '/tmp/path_from_playbook_group_vars'}}}
  |  |--{foo = bar}
  |--@ungrouped:
2022-02-17 00:19:12,253 p=273109 u=mimir |  [WARNING]: module deligate_to not found in:
/home/mimir/.ansible/plugins/modules:/usr/share/ansible/plugins/modules:/usr/local/lib/python3.9/dist-packages/ansible/modules

2022-02-17 00:21:04,647 p=273344 u=mimir |  ansible-playbook 2.8.8
  config file = /home/mimir/code/ansible/gb_ansible_examles/l_4/ansible.cfg
  configured module search path = ['/home/mimir/.ansible/plugins/modules', '/usr/share/ansible/plugins/modules']
  ansible python module location = /usr/local/lib/python3.9/dist-packages/ansible
  executable location = /usr/local/bin/ansible-playbook
  python version = 3.9.2 (default, Feb 28 2021, 17:03:44) [GCC 10.2.1 20210110]
2022-02-17 00:21:04,647 p=273344 u=mimir |  Using /home/mimir/code/ansible/gb_ansible_examles/l_4/ansible.cfg as config file
2022-02-17 00:21:04,905 p=273344 u=mimir |  ERROR! Invalid callback for stdout specified: yaml #debug
2022-02-17 00:21:11,134 p=273356 u=mimir |  ansible-playbook 2.8.8
  config file = /home/mimir/code/ansible/gb_ansible_examles/l_4/ansible.cfg
  configured module search path = ['/home/mimir/.ansible/plugins/modules', '/usr/share/ansible/plugins/modules']
  ansible python module location = /usr/local/lib/python3.9/dist-packages/ansible
  executable location = /usr/local/bin/ansible-playbook
  python version = 3.9.2 (default, Feb 28 2021, 17:03:44) [GCC 10.2.1 20210110]
2022-02-17 00:21:11,134 p=273356 u=mimir |  Using /home/mimir/code/ansible/gb_ansible_examles/l_4/ansible.cfg as config file
2022-02-17 00:21:11,410 p=273356 u=mimir |  PLAYBOOK: 4.yml **********************************************************************************************************************************
2022-02-17 00:21:11,410 p=273356 u=mimir |  2 plays in 4.yml
2022-02-17 00:21:11,438 p=273356 u=mimir |  PLAY [Deploy nginx] ******************************************************************************************************************************
2022-02-17 00:21:11,450 p=273356 u=mimir |  TASK [Gathering Facts] ***************************************************************************************************************************
2022-02-17 00:21:11,450 p=273356 u=mimir |  task path: /home/mimir/code/ansible/gb_ansible_examles/l_4/4.yml:2
2022-02-17 00:21:11,523 p=273356 u=mimir |  fatal: [nginx-srv2]: UNREACHABLE! => changed=false 
  msg: |-
    Failed to connect to the host via ssh: Warning: Permanently added 'srv-2' (ECDSA) to the list of known hosts.
    mimir@srv-2: Permission denied (publickey,password).
  unreachable: true
2022-02-17 00:21:11,524 p=273356 u=mimir |  fatal: [nginx-srv1]: UNREACHABLE! => changed=false 
  msg: |-
    Failed to connect to the host via ssh: Warning: Permanently added 'srv-1' (ECDSA) to the list of known hosts.
    mimir@srv-1: Permission denied (publickey,password).
  unreachable: true
2022-02-17 00:21:11,526 p=273356 u=mimir |  fatal: [nginx-srv3]: UNREACHABLE! => changed=false 
  msg: |-
    Failed to connect to the host via ssh: Warning: Permanently added 'srv-3' (ECDSA) to the list of known hosts.
    mimir@srv-3: Permission denied (publickey,password).
  unreachable: true
2022-02-17 00:21:11,527 p=273356 u=mimir |  PLAY RECAP ***************************************************************************************************************************************
2022-02-17 00:21:11,528 p=273356 u=mimir |  nginx-srv1                 : ok=0    changed=0    unreachable=1    failed=0    skipped=0    rescued=0    ignored=0   
2022-02-17 00:21:11,528 p=273356 u=mimir |  nginx-srv2                 : ok=0    changed=0    unreachable=1    failed=0    skipped=0    rescued=0    ignored=0   
2022-02-17 00:21:11,528 p=273356 u=mimir |  nginx-srv3                 : ok=0    changed=0    unreachable=1    failed=0    skipped=0    rescued=0    ignored=0   
2022-02-17 00:33:55,706 p=277170 u=mimir |  ansible-playbook 2.8.8
  config file = /home/mimir/code/ansible/gb_ansible_examles/l_4/ansible.cfg
  configured module search path = ['/home/mimir/.ansible/plugins/modules', '/usr/share/ansible/plugins/modules']
  ansible python module location = /usr/local/lib/python3.9/dist-packages/ansible
  executable location = /usr/local/bin/ansible-playbook
  python version = 3.9.2 (default, Feb 28 2021, 17:03:44) [GCC 10.2.1 20210110]
2022-02-17 00:33:55,706 p=277170 u=mimir |  Using /home/mimir/code/ansible/gb_ansible_examles/l_4/ansible.cfg as config file
2022-02-17 00:33:56,006 p=277170 u=mimir |  PLAYBOOK: 4.yml **********************************************************************************************************************************
2022-02-17 00:33:56,006 p=277170 u=mimir |  2 plays in 4.yml
2022-02-17 00:33:56,033 p=277170 u=mimir |  PLAY [Deploy nginx] ******************************************************************************************************************************
2022-02-17 00:33:56,045 p=277170 u=mimir |  TASK [Gathering Facts] ***************************************************************************************************************************
2022-02-17 00:33:56,046 p=277170 u=mimir |  task path: /home/mimir/code/ansible/gb_ansible_examles/l_4/4.yml:2
2022-02-17 00:33:56,106 p=277170 u=mimir |  fatal: [nginx-srv1]: UNREACHABLE! => changed=false 
  msg: 'Failed to connect to the host via ssh: mimir@srv-1: Permission denied (publickey,password).'
  unreachable: true
2022-02-17 00:33:56,107 p=277170 u=mimir |  PLAY RECAP ***************************************************************************************************************************************
2022-02-17 00:33:56,108 p=277170 u=mimir |  nginx-srv1                 : ok=0    changed=0    unreachable=1    failed=0    skipped=0    rescued=0    ignored=0   
2022-02-17 00:34:22,430 p=277223 u=mimir |  ansible-playbook 2.8.8
  config file = /home/mimir/code/ansible/gb_ansible_examles/l_4/ansible.cfg
  configured module search path = ['/home/mimir/.ansible/plugins/modules', '/usr/share/ansible/plugins/modules']
  ansible python module location = /usr/local/lib/python3.9/dist-packages/ansible
  executable location = /usr/local/bin/ansible-playbook
  python version = 3.9.2 (default, Feb 28 2021, 17:03:44) [GCC 10.2.1 20210110]
2022-02-17 00:34:22,430 p=277223 u=mimir |  Using /home/mimir/code/ansible/gb_ansible_examles/l_4/ansible.cfg as config file
2022-02-17 00:34:28,718 p=277223 u=mimir |  PLAYBOOK: 4.yml **********************************************************************************************************************************
2022-02-17 00:34:28,719 p=277223 u=mimir |  2 plays in 4.yml
2022-02-17 00:34:28,748 p=277223 u=mimir |  PLAY [Deploy nginx] ******************************************************************************************************************************
2022-02-17 00:34:28,758 p=277223 u=mimir |  TASK [Gathering Facts] ***************************************************************************************************************************
2022-02-17 00:34:28,759 p=277223 u=mimir |  task path: /home/mimir/code/ansible/gb_ansible_examles/l_4/4.yml:2
2022-02-17 00:34:30,003 p=277223 u=mimir |  ok: [nginx-srv1]
2022-02-17 00:34:30,004 p=277223 u=mimir |  META: ran handlers
2022-02-17 00:34:30,022 p=277223 u=mimir |  TASK [nginx : Check required values] *************************************************************************************************************
2022-02-17 00:34:30,022 p=277223 u=mimir |  task path: /home/mimir/code/ansible/gb_ansible_examles/l_4/roles/nginx/tasks/main.yml:2
2022-02-17 00:34:30,038 p=277223 u=mimir |  ok: [nginx-srv1] => changed=false 
  msg: All assertions passed
2022-02-17 00:34:30,050 p=277223 u=mimir |  TASK [nginx : Install nginx package] *************************************************************************************************************
2022-02-17 00:34:30,050 p=277223 u=mimir |  task path: /home/mimir/code/ansible/gb_ansible_examles/l_4/roles/nginx/tasks/main.yml:9
2022-02-17 00:34:31,200 p=277223 u=mimir |  [DEPRECATION WARNING]: State 'installed' is deprecated. Using state 'present' instead.. This feature will be removed in version 2.9. Deprecation 
warnings can be disabled by setting deprecation_warnings=False in ansible.cfg.
2022-02-17 00:34:31,201 p=277223 u=mimir |  ok: [nginx-srv1] => changed=false 
  cache_update_time: 1645025332
  cache_updated: false
2022-02-17 00:34:31,211 p=277223 u=mimir |  TASK [nginx : Execute some command] **************************************************************************************************************
2022-02-17 00:34:31,211 p=277223 u=mimir |  task path: /home/mimir/code/ansible/gb_ansible_examles/l_4/roles/nginx/tasks/main.yml:14
2022-02-17 00:34:31,223 p=277223 u=mimir |  fatal: [nginx-srv1]: FAILED! => 
  msg: |-
    The task includes an option with an undefined variable. The error was: 'app' is undefined
  
    The error appears to be in '/home/mimir/code/ansible/gb_ansible_examles/l_4/roles/nginx/tasks/main.yml': line 14, column 3, but may
    be elsewhere in the file depending on the exact syntax problem.
  
    The offending line appears to be:
  
  
    - name: Execute some command
      ^ here
2022-02-17 00:34:31,224 p=277223 u=mimir |  PLAY RECAP ***************************************************************************************************************************************
2022-02-17 00:34:31,225 p=277223 u=mimir |  nginx-srv1                 : ok=3    changed=0    unreachable=0    failed=1    skipped=0    rescued=0    ignored=0   
2022-02-17 00:35:22,815 p=277652 u=mimir |  ansible-playbook 2.8.8
  config file = /home/mimir/code/ansible/gb_ansible_examles/l_4/ansible.cfg
  configured module search path = ['/home/mimir/.ansible/plugins/modules', '/usr/share/ansible/plugins/modules']
  ansible python module location = /usr/local/lib/python3.9/dist-packages/ansible
  executable location = /usr/local/bin/ansible-playbook
  python version = 3.9.2 (default, Feb 28 2021, 17:03:44) [GCC 10.2.1 20210110]
2022-02-17 00:35:22,816 p=277652 u=mimir |  Using /home/mimir/code/ansible/gb_ansible_examles/l_4/ansible.cfg as config file
2022-02-17 00:35:26,569 p=277652 u=mimir |  PLAYBOOK: 4.yml **********************************************************************************************************************************
2022-02-17 00:35:26,569 p=277652 u=mimir |  2 plays in 4.yml
2022-02-17 00:35:26,596 p=277652 u=mimir |  PLAY [Deploy nginx] ******************************************************************************************************************************
2022-02-17 00:35:26,606 p=277652 u=mimir |  TASK [Gathering Facts] ***************************************************************************************************************************
2022-02-17 00:35:26,606 p=277652 u=mimir |  task path: /home/mimir/code/ansible/gb_ansible_examles/l_4/4.yml:2
2022-02-17 00:35:27,697 p=277652 u=mimir |  ok: [nginx-srv1]
2022-02-17 00:35:27,698 p=277652 u=mimir |  META: ran handlers
2022-02-17 00:35:27,749 p=277652 u=mimir |  TASK [nginx : Check required values] *************************************************************************************************************
2022-02-17 00:35:27,749 p=277652 u=mimir |  task path: /home/mimir/code/ansible/gb_ansible_examles/l_4/roles/nginx/tasks/main.yml:2
2022-02-17 00:35:27,769 p=277652 u=mimir |  ok: [nginx-srv1] => changed=false 
  msg: All assertions passed
2022-02-17 00:35:27,779 p=277652 u=mimir |  TASK [nginx : Install nginx package] *************************************************************************************************************
2022-02-17 00:35:27,779 p=277652 u=mimir |  task path: /home/mimir/code/ansible/gb_ansible_examles/l_4/roles/nginx/tasks/main.yml:9
2022-02-17 00:35:28,971 p=277652 u=mimir |  [DEPRECATION WARNING]: State 'installed' is deprecated. Using state 'present' instead.. This feature will be removed in version 2.9. Deprecation 
warnings can be disabled by setting deprecation_warnings=False in ansible.cfg.
2022-02-17 00:35:28,972 p=277652 u=mimir |  ok: [nginx-srv1] => changed=false 
  cache_update_time: 1645025332
  cache_updated: false
2022-02-17 00:35:28,981 p=277652 u=mimir |  TASK [nginx : Execute some command] **************************************************************************************************************
2022-02-17 00:35:28,981 p=277652 u=mimir |  task path: /home/mimir/code/ansible/gb_ansible_examles/l_4/roles/nginx/tasks/main.yml:14
2022-02-17 00:35:29,365 p=277652 u=mimir |  fatal: [nginx-srv1]: FAILED! => changed=false 
  cmd: /opt/app/application '--pass=********' --secret-key=dangerous-secret
  msg: '[Errno 2] Нет такого файла или каталога: ''/opt/app/application'''
  rc: 2
2022-02-17 00:35:29,367 p=277652 u=mimir |  PLAY RECAP ***************************************************************************************************************************************
2022-02-17 00:35:29,367 p=277652 u=mimir |  nginx-srv1                 : ok=3    changed=0    unreachable=0    failed=1    skipped=0    rescued=0    ignored=0   
2022-02-17 00:36:42,611 p=278428 u=mimir |  ansible-playbook 2.8.8
  config file = /home/mimir/code/ansible/gb_ansible_examles/l_4/ansible.cfg
  configured module search path = ['/home/mimir/.ansible/plugins/modules', '/usr/share/ansible/plugins/modules']
  ansible python module location = /usr/local/lib/python3.9/dist-packages/ansible
  executable location = /usr/local/bin/ansible-playbook
  python version = 3.9.2 (default, Feb 28 2021, 17:03:44) [GCC 10.2.1 20210110]
2022-02-17 00:36:42,611 p=278428 u=mimir |  Using /home/mimir/code/ansible/gb_ansible_examles/l_4/ansible.cfg as config file
2022-02-17 00:36:45,614 p=278428 u=mimir |  PLAYBOOK: 4.yml **********************************************************************************************************************************
2022-02-17 00:36:45,614 p=278428 u=mimir |  2 plays in 4.yml
2022-02-17 00:36:45,643 p=278428 u=mimir |  PLAY [Deploy nginx] ******************************************************************************************************************************
2022-02-17 00:36:45,652 p=278428 u=mimir |  TASK [Gathering Facts] ***************************************************************************************************************************
2022-02-17 00:36:45,653 p=278428 u=mimir |  task path: /home/mimir/code/ansible/gb_ansible_examles/l_4/4.yml:2
2022-02-17 00:36:46,859 p=278428 u=mimir |  ok: [nginx-srv1]
2022-02-17 00:36:46,860 p=278428 u=mimir |  META: ran handlers
2022-02-17 00:36:46,881 p=278428 u=mimir |  TASK [nginx : Check required values] *************************************************************************************************************
2022-02-17 00:36:46,882 p=278428 u=mimir |  task path: /home/mimir/code/ansible/gb_ansible_examles/l_4/roles/nginx/tasks/main.yml:2
2022-02-17 00:36:46,914 p=278428 u=mimir |  ok: [nginx-srv1] => changed=false 
  msg: All assertions passed
2022-02-17 00:36:46,935 p=278428 u=mimir |  TASK [nginx : Install nginx package] *************************************************************************************************************
2022-02-17 00:36:46,935 p=278428 u=mimir |  task path: /home/mimir/code/ansible/gb_ansible_examles/l_4/roles/nginx/tasks/main.yml:9
2022-02-17 00:36:48,154 p=278428 u=mimir |  [DEPRECATION WARNING]: State 'installed' is deprecated. Using state 'present' instead.. This feature will be removed in version 2.9. Deprecation 
warnings can be disabled by setting deprecation_warnings=False in ansible.cfg.
2022-02-17 00:36:48,155 p=278428 u=mimir |  ok: [nginx-srv1] => changed=false 
  cache_update_time: 1645025332
  cache_updated: false
2022-02-17 00:36:48,163 p=278428 u=mimir |  TASK [nginx : Execute some command] **************************************************************************************************************
2022-02-17 00:36:48,163 p=278428 u=mimir |  task path: /home/mimir/code/ansible/gb_ansible_examles/l_4/roles/nginx/tasks/main.yml:14
2022-02-17 00:36:48,548 p=278428 u=mimir |  fatal: [nginx-srv1]: FAILED! => changed=false 
  censored: 'the output has been hidden due to the fact that ''no_log: true'' was specified for this result'
2022-02-17 00:36:48,550 p=278428 u=mimir |  PLAY RECAP ***************************************************************************************************************************************
2022-02-17 00:36:48,550 p=278428 u=mimir |  nginx-srv1                 : ok=3    changed=0    unreachable=0    failed=1    skipped=0    rescued=0    ignored=0   
2022-02-17 00:38:46,823 p=278938 u=mimir |  ansible-playbook 2.8.8
  config file = /home/mimir/code/ansible/gb_ansible_examles/l_4/ansible.cfg
  configured module search path = ['/home/mimir/.ansible/plugins/modules', '/usr/share/ansible/plugins/modules']
  ansible python module location = /usr/local/lib/python3.9/dist-packages/ansible
  executable location = /usr/local/bin/ansible-playbook
  python version = 3.9.2 (default, Feb 28 2021, 17:03:44) [GCC 10.2.1 20210110]
2022-02-17 00:38:46,823 p=278938 u=mimir |  Using /home/mimir/code/ansible/gb_ansible_examles/l_4/ansible.cfg as config file
2022-02-17 00:38:51,388 p=278938 u=mimir |  PLAYBOOK: 4.yml **********************************************************************************************************************************
2022-02-17 00:38:51,389 p=278938 u=mimir |  2 plays in 4.yml
2022-02-17 00:38:51,414 p=278938 u=mimir |  PLAY [Deploy nginx] ******************************************************************************************************************************
2022-02-17 00:38:51,424 p=278938 u=mimir |  TASK [Gathering Facts] ***************************************************************************************************************************
2022-02-17 00:38:51,424 p=278938 u=mimir |  task path: /home/mimir/code/ansible/gb_ansible_examles/l_4/4.yml:2
2022-02-17 00:38:52,631 p=278938 u=mimir |  ok: [nginx-srv1]
2022-02-17 00:38:52,632 p=278938 u=mimir |  META: ran handlers
2022-02-17 00:38:52,655 p=278938 u=mimir |  TASK [nginx : Check required values] *************************************************************************************************************
2022-02-17 00:38:52,655 p=278938 u=mimir |  task path: /home/mimir/code/ansible/gb_ansible_examles/l_4/roles/nginx/tasks/main.yml:2
2022-02-17 00:38:52,674 p=278938 u=mimir |  ok: [nginx-srv1] => changed=false 
  msg: All assertions passed
2022-02-17 00:38:52,692 p=278938 u=mimir |  TASK [nginx : Install nginx package] *************************************************************************************************************
2022-02-17 00:38:52,692 p=278938 u=mimir |  task path: /home/mimir/code/ansible/gb_ansible_examles/l_4/roles/nginx/tasks/main.yml:9
2022-02-17 00:38:53,896 p=278938 u=mimir |  [DEPRECATION WARNING]: State 'installed' is deprecated. Using state 'present' instead.. This feature will be removed in version 2.9. Deprecation 
warnings can be disabled by setting deprecation_warnings=False in ansible.cfg.
2022-02-17 00:38:53,896 p=278938 u=mimir |  ok: [nginx-srv1] => changed=false 
  cache_update_time: 1645025332
  cache_updated: false
2022-02-17 00:38:53,906 p=278938 u=mimir |  TASK [nginx : Execute some command] **************************************************************************************************************
2022-02-17 00:38:53,906 p=278938 u=mimir |  task path: /home/mimir/code/ansible/gb_ansible_examles/l_4/roles/nginx/tasks/main.yml:14
2022-02-17 00:38:54,247 p=278938 u=mimir |  fatal: [nginx-srv1]: FAILED! => changed=false 
  cmd: /opt/app/application '--pass=********' --secret-key=dangerous-secret
  msg: '[Errno 2] Нет такого файла или каталога: ''/opt/app/application'''
  rc: 2
2022-02-17 00:38:54,248 p=278938 u=mimir |  PLAY RECAP ***************************************************************************************************************************************
2022-02-17 00:38:54,249 p=278938 u=mimir |  nginx-srv1                 : ok=3    changed=0    unreachable=0    failed=1    skipped=0    rescued=0    ignored=0   
